<?xml version="1.0" encoding="utf-8"?>
<TestRun id="2665eb0c-a05e-4127-be16-3319b633789b" name="BEPO@LAPTOP-BDHE3JQ0 2026-03-30 00:19:10" runUser="LAPTOP-BDHE3JQ0\BEPO" xmlns="http://microsoft.com/schemas/VisualStudio/TeamTest/2010">
  <Times creation="2026-03-30T00:19:10.5693974+07:00" queuing="2026-03-30T00:19:10.5693977+07:00" start="2026-03-30T00:19:09.7173029+07:00" finish="2026-03-30T00:19:10.5729393+07:00" />
  <TestSettings name="default" id="4657f9b2-0383-4da9-8828-b245cd766b25">
    <Deployment runDeploymentRoot="BEPO_LAPTOP-BDHE3JQ0_2026-03-30_00_19_10" />
  </TestSettings>
  <Results>
    <UnitTestResult executionId="51d8981c-9d25-4d4c-8740-61491a7d4b2f" testId="b899b062-d5a7-b9bd-4e8a-f28e0784e7bb" testName="KoiFarmShop.Tests.ConsignmentTests.OnPostAsyncNhapSaiDinhDang_Sai" computerName="LAPTOP-BDHE3JQ0" duration="00:00:00.0021583" startTime="2026-03-30T00:19:10.4897303+07:00" endTime="2026-03-30T00:19:10.4897303+07:00" testType="13cdc9d9-ddb5-4fa4-a97d-d965ccfc6d4b" outcome="Passed" testListId="8c84fa94-04c1-424b-9868-57a2d4851a1d" relativeResultsDirectory="51d8981c-9d25-4d4c-8740-61491a7d4b2f" />
    <UnitTestResult executionId="b62d8934-1806-4262-bcee-1ea38af02886" testId="7bd53f19-5bf7-43c1-2330-ab4092e78cd2" testName="KoiFarmShop.Tests.ConsignmentTests.OnGetAsyncXemLichSu_Dung" computerName="LAPTOP-BDHE3JQ0" duration="00:00:00.0060934" startTime="2026-03-30T00:19:10.4957755+07:00" endTime="2026-03-30T00:19:10.4957759+07:00" testType="13cdc9d9-ddb5-4fa4-a97d-d965ccfc6d4b" outcome="Passed" testListId="8c84fa94-04c1-424b-9868-57a2d4851a1d" relativeResultsDirectory="b62d8934-1806-4262-bcee-1ea38af02886" />
    <UnitTestResult executionId="eb54cc13-57c3-44d7-a889-668b1f3a9b7f" testId="4c42dda2-d4ae-8925-60e7-b11d5d2d12d3" testName="KoiFarmShop.Tests.ConsignmentTests.OnPostAsyncBoTrongThongTin_Trong" computerName="LAPTOP-BDHE3JQ0" duration="00:00:00.0015571" startTime="2026-03-30T00:19:10.4973912+07:00" endTime="2026-03-30T00:19:10.4973915+07:00" testType="13cdc9d9-ddb5-4fa4-a97d-d965ccfc6d4b" outcome="Passed" testListId="8c84fa94-04c1-424b-9868-57a2d4851a1d" relativeResultsDirectory="eb54cc13-57c3-44d7-a889-668b1f3a9b7f" />
    <UnitTestResult executionId="e070c455-53bf-4e1b-959c-e049b6af6e9d" testId="bdf32205-bbdc-267a-3509-b71155eb443c" testName="KoiFarmShop.Tests.ConsignmentTests.OnPostAsyncKyGuiBan_Dung" computerName="LAPTOP-BDHE3JQ0" duration="00:00:00.0010510" startTime="2026-03-30T00:19:10.4985326+07:00" endTime="2026-03-30T00:19:10.4985327+07:00" testType="13cdc9d9-ddb5-4fa4-a97d-d965ccfc6d4b" outcome="Passed" testListId="8c84fa94-04c1-424b-9868-57a2d4851a1d" relativeResultsDirectory="e070c455-53bf-4e1b-959c-e049b6af6e9d" />
    <UnitTestResult executionId="8fd0a2ed-e034-428e-8750-422692398857" testId="65b030ca-643b-63bd-b706-605a8470d89d" testName="KoiFarmShop.Tests.ConsignmentTests.OnPostAsyncKyGuiChamSoc_Dung" computerName="LAPTOP-BDHE3JQ0" duration="00:00:00.3983789" startTime="2026-03-30T00:19:10.4875069+07:00" endTime="2026-03-30T00:19:10.4875191+07:00" testType="13cdc9d9-ddb5-4fa4-a97d-d965ccfc6d4b" outcome="Passed" testListId="8c84fa94-04c1-424b-9868-57a2d4851a1d" relativeResultsDirectory="8fd0a2ed-e034-428e-8750-422692398857" />
  </Results>
  <TestDefinitions>
    <UnitTest name="KoiFarmShop.Tests.ConsignmentTests.OnPostAsyncNhapSaiDinhDang_Sai" storage="d:\khanh\web_ban_ca_koi\koishop\myproject.tests\bin\debug\net9.0\myproject.tests.dll" id="b899b062-d5a7-b9bd-4e8a-f28e0784e7bb">
      <Execution id="51d8981c-9d25-4d4c-8740-61491a7d4b2f" />
      <TestMethod codeBase="D:\khanh\WEB_Ban_Ca_Koi\KOISHOP\MyProject.Tests\bin\Debug\net9.0\MyProject.Tests.dll" adapterTypeName="executor://xunit/VsTestRunner2/netcoreapp" className="KoiFarmShop.Tests.ConsignmentTests" name="OnPostAsyncNhapSaiDinhDang_Sai" />
    </UnitTest>
    <UnitTest name="KoiFarmShop.Tests.ConsignmentTests.OnPostAsyncBoTrongThongTin_Trong" storage="d:\khanh\web_ban_ca_koi\koishop\myproject.tests\bin\debug\net9.0\myproject.tests.dll" id="4c42dda2-d4ae-8925-60e7-b11d5d2d12d3">
      <Execution id="eb54cc13-57c3-44d7-a889-668b1f3a9b7f" />
      <TestMethod codeBase="D:\khanh\WEB_Ban_Ca_Koi\KOISHOP\MyProject.Tests\bin\Debug\net9.0\MyProject.Tests.dll" adapterTypeName="executor://xunit/VsTestRunner2/netcoreapp" className="KoiFarmShop.Tests.ConsignmentTests" name="OnPostAsyncBoTrongThongTin_Trong" />
    </UnitTest>
    <UnitTest name="KoiFarmShop.Tests.ConsignmentTests.OnGetAsyncXemLichSu_Dung" storage="d:\khanh\web_ban_ca_koi\koishop\myproject.tests\bin\debug\net9.0\myproject.tests.dll" id="7bd53f19-5bf7-43c1-2330-ab4092e78cd2">
      <Execution id="b62d8934-1806-4262-bcee-1ea38af02886" />
      <TestMethod codeBase="D:\khanh\WEB_Ban_Ca_Koi\KOISHOP\MyProject.Tests\bin\Debug\net9.0\MyProject.Tests.dll" adapterTypeName="executor://xunit/VsTestRunner2/netcoreapp" className="KoiFarmShop.Tests.ConsignmentTests" name="OnGetAsyncXemLichSu_Dung" />
    </UnitTest>
    <UnitTest name="KoiFarmShop.Tests.ConsignmentTests.OnPostAsyncKyGuiChamSoc_Dung" storage="d:\khanh\web_ban_ca_koi\koishop\myproject.tests\bin\debug\net9.0\myproject.tests.dll" id="65b030ca-643b-63bd-b706-605a8470d89d">
      <Execution id="8fd0a2ed-e034-428e-8750-422692398857" />
      <TestMethod codeBase="D:\khanh\WEB_Ban_Ca_Koi\KOISHOP\MyProject.Tests\bin\Debug\net9.0\MyProject.Tests.dll" adapterTypeName="executor://xunit/VsTestRunner2/netcoreapp" className="KoiFarmShop.Tests.ConsignmentTests" name="OnPostAsyncKyGuiChamSoc_Dung" />
    </UnitTest>
    <UnitTest name="KoiFarmShop.Tests.ConsignmentTests.OnPostAsyncKyGuiBan_Dung" storage="d:\khanh\web_ban_ca_koi\koishop\myproject.tests\bin\debug\net9.0\myproject.tests.dll" id="bdf32205-bbdc-267a-3509-b71155eb443c">
      <Execution id="e070c455-53bf-4e1b-959c-e049b6af6e9d" />
      <TestMethod codeBase="D:\khanh\WEB_Ban_Ca_Koi\KOISHOP\MyProject.Tests\bin\Debug\net9.0\MyProject.Tests.dll" adapterTypeName="executor://xunit/VsTestRunner2/netcoreapp" className="KoiFarmShop.Tests.ConsignmentTests" name="OnPostAsyncKyGuiBan_Dung" />
    </UnitTest>
  </TestDefinitions>
  <TestEntries>
    <TestEntry testId="b899b062-d5a7-b9bd-4e8a-f28e0784e7bb" executionId="51d8981c-9d25-4d4c-8740-61491a7d4b2f" testListId="8c84fa94-04c1-424b-9868-57a2d4851a1d" />
    <TestEntry testId="7bd53f19-5bf7-43c1-2330-ab4092e78cd2" executionId="b62d8934-1806-4262-bcee-1ea38af02886" testListId="8c84fa94-04c1-424b-9868-57a2d4851a1d" />
    <TestEntry testId="4c42dda2-d4ae-8925-60e7-b11d5d2d12d3" executionId="eb54cc13-57c3-44d7-a889-668b1f3a9b7f" testListId="8c84fa94-04c1-424b-9868-57a2d4851a1d" />
    <TestEntry testId="bdf32205-bbdc-267a-3509-b71155eb443c" executionId="e070c455-53bf-4e1b-959c-e049b6af6e9d" testListId="8c84fa94-04c1-424b-9868-57a2d4851a1d" />
    <TestEntry testId="65b030ca-643b-63bd-b706-605a8470d89d" executionId="8fd0a2ed-e034-428e-8750-422692398857" testListId="8c84fa94-04c1-424b-9868-57a2d4851a1d" />
  </TestEntries>
  <TestLists>
    <TestList name="Results Not in a List" id="8c84fa94-04c1-424b-9868-57a2d4851a1d" />
    <TestList name="All Loaded Results" id="19431567-8539-422a-85d7-44ee4e166bda" />
  </TestLists>
  <ResultSummary outcome="Completed">
    <Counters total="5" executed="5" passed="5" failed="0" error="0" timeout="0" aborted="0" inconclusive="0" passedButRunAborted="0" notRunnable="0" notExecuted="0" disconnected="0" warning="0" completed="0" inProgress="0" pending="0" />
    <Output>
      <StdOut>[xUnit.net 00:00:00.00] xUnit.net VSTest Adapter v2.8.2+699d445a1a (64-bit .NET 9.0.6)&#xD;
[xUnit.net 00:00:00.07]   Discovering: MyProject.Tests&#xD;
[xUnit.net 00:00:00.09]   Discovered:  MyProject.Tests&#xD;
[xUnit.net 00:00:00.09]   Starting:    MyProject.Tests&#xD;
[xUnit.net 00:00:00.53]   Finished:    MyProject.Tests&#xD;
</StdOut>
    </Output>
  </ResultSummary>
</TestRun>